# JRE version: OpenJDK Runtime Environment (11.0.5+10) (build 11.0.5+10)
# Java VM: OpenJDK 64-Bit Server VM (11.0.5+10, mixed mode, tiered, compressed oops, g1 gc, windows-amd64)
Heap:
 garbage-first heap   total 157696K, used 17035K [0x0000000081600000, 0x0000000100000000)
  region size 1024K, 3 young (3072K), 3 survivors (3072K)
 Metaspace       used 45342K, capacity 46596K, committed 46716K, reserved 1089536K
  class space    used 5365K, capacity 5858K, committed 5964K, reserved 1048576K
GC Heap History (13 events):
Event: 1.455 GC heap before
{Heap before GC invocations=0 (full 0):
 garbage-first heap   total 131072K, used 14336K [0x0000000081600000, 0x0000000100000000)
  region size 1024K, 14 young (14336K), 0 survivors (0K)
 Metaspace       used 13945K, capacity 14276K, committed 14464K, reserved 1062912K
  class space    used 1440K, capacity 1572K, committed 1664K, reserved 1048576K
}
Event: 1.464 GC heap after
{Heap after GC invocations=1 (full 0):
 garbage-first heap   total 131072K, used 5222K [0x0000000081600000, 0x0000000100000000)
  region size 1024K, 2 young (2048K), 2 survivors (2048K)
 Metaspace       used 13945K, capacity 14276K, committed 14464K, reserved 1062912K
  class space    used 1440K, capacity 1572K, committed 1664K, reserved 1048576K
}
Event: 1.619 GC heap before
{Heap before GC invocations=1 (full 0):
 garbage-first heap   total 131072K, used 11366K [0x0000000081600000, 0x0000000100000000)
  region size 1024K, 8 young (8192K), 2 survivors (2048K)
 Metaspace       used 15035K, capacity 15426K, committed 15616K, reserved 1062912K
  class space    used 1574K, capacity 1724K, committed 1792K, reserved 1048576K
}
Event: 1.623 GC heap after
{Heap after GC invocations=2 (full 0):
 garbage-first heap   total 131072K, used 5928K [0x0000000081600000, 0x0000000100000000)
  region size 1024K, 1 young (1024K), 1 survivors (1024K)
 Metaspace       used 15035K, capacity 15426K, committed 15616K, reserved 1062912K
  class space    used 1574K, capacity 1724K, committed 1792K, reserved 1048576K
}
Event: 1.883 GC heap before
{Heap before GC invocations=2 (full 0):
 garbage-first heap   total 131072K, used 25384K [0x0000000081600000, 0x0000000100000000)
  region size 1024K, 21 young (21504K), 1 survivors (1024K)
 Metaspace       used 18888K, capacity 19447K, committed 19584K, reserved 1067008K
  class space    used 2154K, capacity 2349K, committed 2432K, reserved 1048576K
}
Event: 1.886 GC heap after
{Heap after GC invocations=3 (full 0):
 garbage-first heap   total 131072K, used 6955K [0x0000000081600000, 0x0000000100000000)
  region size 1024K, 2 young (2048K), 2 survivors (2048K)
 Metaspace       used 18888K, capacity 19447K, committed 19584K, reserved 1067008K
  class space    used 2154K, capacity 2349K, committed 2432K, reserved 1048576K
}
Event: 1.986 GC heap before
{Heap before GC invocations=3 (full 0):
 garbage-first heap   total 131072K, used 19243K [0x0000000081600000, 0x0000000100000000)
  region size 1024K, 15 young (15360K), 2 survivors (2048K)
 Metaspace       used 20701K, capacity 21198K, committed 21296K, reserved 1069056K
  class space    used 2462K, capacity 2655K, committed 2688K, reserved 1048576K
}
Event: 1.990 GC heap after
{Heap after GC invocations=4 (full 0):
 garbage-first heap   total 131072K, used 7544K [0x0000000081600000, 0x0000000100000000)
  region size 1024K, 2 young (2048K), 2 survivors (2048K)
 Metaspace       used 20701K, capacity 21198K, committed 21296K, reserved 1069056K
  class space    used 2462K, capacity 2655K, committed 2688K, reserved 1048576K
}
Event: 2.727 GC heap before
{Heap before GC invocations=5 (full 0):
 garbage-first heap   total 131072K, used 56696K [0x0000000081600000, 0x0000000100000000)
  region size 1024K, 51 young (52224K), 2 survivors (2048K)
 Metaspace       used 26745K, capacity 27540K, committed 27644K, reserved 1073152K
  class space    used 3268K, capacity 3621K, committed 3660K, reserved 1048576K
}
Event: 2.739 GC heap after
{Heap after GC invocations=6 (full 0):
 garbage-first heap   total 131072K, used 9592K [0x0000000081600000, 0x0000000100000000)
  region size 1024K, 4 young (4096K), 4 survivors (4096K)
 Metaspace       used 26745K, capacity 27540K, committed 27644K, reserved 1073152K
  class space    used 3268K, capacity 3621K, committed 3660K, reserved 1048576K
}
Event: 3.896 GC heap before
{Heap before GC invocations=7 (full 0):
 garbage-first heap   total 131072K, used 83320K [0x0000000081600000, 0x0000000100000000)
  region size 1024K, 76 young (77824K), 4 survivors (4096K)
 Metaspace       used 36734K, capacity 37891K, committed 38012K, reserved 1083392K
  class space    used 4543K, capacity 4994K, committed 5068K, reserved 1048576K
}
Event: 3.913 GC heap after
{Heap after GC invocations=8 (full 0):
 garbage-first heap   total 131072K, used 15053K [0x0000000081600000, 0x0000000100000000)
  region size 1024K, 10 young (10240K), 10 survivors (10240K)
 Metaspace       used 36734K, capacity 37891K, committed 38012K, reserved 1083392K
  class space    used 4543K, capacity 4994K, committed 5068K, reserved 1048576K
}
Event: 11.861 GC heap before
{Heap before GC invocations=8 (full 0):
 garbage-first heap   total 131072K, used 61133K [0x0000000081600000, 0x0000000100000000)
  region size 1024K, 57 young (58368K), 10 survivors (10240K)
 Metaspace       used 45342K, capacity 46596K, committed 46716K, reserved 1089536K
  class space    used 5365K, capacity 5858K, committed 5964K, reserved 1048576K
}

